<?xml version="1.0" encoding="UTF-8"?>
<!-- Generated by org.testng.reporters.JUnitReportReporter -->
<testsuite hostname="DESKTOP-2GD0FUF" failures="0" tests="1" name="asmt.asmt.AppTest" time="0.024" errors="0" timestamp="2024-04-07T11:32:22 IST" skipped="0">
  <testcase classname="asmt.asmt.AppTest" name="testApp" time="0.024"/>
</testsuite> <!-- asmt.asmt.AppTest -->
